2024-04-17 09:01:31 [main] INFO  com.example.demo.DemoApplication - Starting DemoApplication using Java 17.0.10 with PID 17288 (P:\projecte\auth\demo\target\classes started by Gregori in P:\projecte\auth\demo)
2024-04-17 09:01:31 [main] INFO  com.example.demo.DemoApplication - No active profile set, falling back to 1 default profile: "default"
2024-04-17 09:01:32 [main] INFO  o.s.b.w.e.tomcat.TomcatWebServer - Tomcat initialized with port 8080 (http)
2024-04-17 09:01:32 [main] INFO  o.a.coyote.http11.Http11NioProtocol - Initializing ProtocolHandler ["http-nio-8080"]
2024-04-17 09:01:32 [main] INFO  o.a.catalina.core.StandardService - Starting service [Tomcat]
2024-04-17 09:01:32 [main] INFO  o.a.catalina.core.StandardEngine - Starting Servlet engine: [Apache Tomcat/10.1.19]
2024-04-17 09:01:32 [main] INFO  o.a.c.c.C.[Tomcat].[localhost].[/] - Initializing Spring embedded WebApplicationContext
2024-04-17 09:01:32 [main] INFO  o.s.b.w.s.c.ServletWebServerApplicationContext - Root WebApplicationContext: initialization completed in 1330 ms
2024-04-17 09:01:33 [main] INFO  o.s.b.a.w.s.WelcomePageHandlerMapping - Adding welcome page template: index
2024-04-17 09:01:33 [main] INFO  o.s.s.web.DefaultSecurityFilterChain - Will secure any request with [org.springframework.security.web.session.DisableEncodeUrlFilter@62b475e2, org.springframework.security.web.context.request.async.WebAsyncManagerIntegrationFilter@e9474f, org.springframework.security.web.context.SecurityContextHolderFilter@3e3cd6fe, org.springframework.security.web.header.HeaderWriterFilter@43ac0a68, org.springframework.web.filter.CorsFilter@1c61eda5, org.springframework.security.web.csrf.CsrfFilter@f25f48a, org.springframework.security.web.authentication.logout.LogoutFilter@420cd102, org.springframework.security.web.authentication.UsernamePasswordAuthenticationFilter@64b0d1fa, org.springframework.security.web.authentication.ui.DefaultLoginPageGeneratingFilter@48eaf42f, org.springframework.security.web.authentication.ui.DefaultLogoutPageGeneratingFilter@1859ffda, org.springframework.security.web.savedrequest.RequestCacheAwareFilter@68b734a8, org.springframework.security.web.servletapi.SecurityContextHolderAwareRequestFilter@1a464fa3, org.springframework.security.web.authentication.AnonymousAuthenticationFilter@59838256, org.springframework.security.web.access.ExceptionTranslationFilter@58ae402b, org.springframework.security.web.access.intercept.AuthorizationFilter@53747c4a]
2024-04-17 09:01:33 [main] INFO  o.s.l.c.s.AbstractContextSource - Property 'userDn' not set - anonymous context will be used for read-only operations
2024-04-17 09:01:33 [main] WARN  o.s.b.a.s.s.UserDetailsServiceAutoConfiguration - 

Using generated security password: 010768fb-a82e-466c-b823-9232017000ca

This generated password is for development use only. Your security configuration must be updated before running your application in production.

2024-04-17 09:01:33 [main] INFO  o.a.coyote.http11.Http11NioProtocol - Starting ProtocolHandler ["http-nio-8080"]
2024-04-17 09:01:33 [main] INFO  o.s.b.w.e.tomcat.TomcatWebServer - Tomcat started on port 8080 (http) with context path ''
2024-04-17 09:01:33 [main] INFO  com.example.demo.DemoApplication - Started DemoApplication in 3.13 seconds (process running for 3.458)
2024-04-17 09:01:45 [main] INFO  com.example.demo.DemoApplication - Starting DemoApplication using Java 17.0.10 with PID 14584 (P:\projecte\auth\demo\target\classes started by Gregori in P:\projecte\auth\demo)
2024-04-17 09:01:45 [main] INFO  com.example.demo.DemoApplication - No active profile set, falling back to 1 default profile: "default"
2024-04-17 09:01:46 [main] INFO  o.s.b.w.e.tomcat.TomcatWebServer - Tomcat initialized with port 8080 (http)
2024-04-17 09:01:46 [main] INFO  o.a.coyote.http11.Http11NioProtocol - Initializing ProtocolHandler ["http-nio-8080"]
2024-04-17 09:01:46 [main] INFO  o.a.catalina.core.StandardService - Starting service [Tomcat]
2024-04-17 09:01:46 [main] INFO  o.a.catalina.core.StandardEngine - Starting Servlet engine: [Apache Tomcat/10.1.19]
2024-04-17 09:01:46 [main] INFO  o.a.c.c.C.[Tomcat].[localhost].[/] - Initializing Spring embedded WebApplicationContext
2024-04-17 09:01:46 [main] INFO  o.s.b.w.s.c.ServletWebServerApplicationContext - Root WebApplicationContext: initialization completed in 1334 ms
2024-04-17 09:01:46 [main] INFO  o.s.b.a.w.s.WelcomePageHandlerMapping - Adding welcome page template: index
2024-04-17 09:01:47 [main] INFO  o.s.s.web.DefaultSecurityFilterChain - Will secure any request with [org.springframework.security.web.session.DisableEncodeUrlFilter@e9474f, org.springframework.security.web.context.request.async.WebAsyncManagerIntegrationFilter@1c61eda5, org.springframework.security.web.context.SecurityContextHolderFilter@68b734a8, org.springframework.security.web.header.HeaderWriterFilter@3728a578, org.springframework.web.filter.CorsFilter@1859ffda, org.springframework.security.web.csrf.CsrfFilter@3b2e5c0d, org.springframework.security.web.authentication.logout.LogoutFilter@12e12ac9, org.springframework.security.web.authentication.UsernamePasswordAuthenticationFilter@f2276c9, org.springframework.security.web.authentication.ui.DefaultLoginPageGeneratingFilter@2091833, org.springframework.security.web.authentication.ui.DefaultLogoutPageGeneratingFilter@59838256, org.springframework.security.web.savedrequest.RequestCacheAwareFilter@4215e133, org.springframework.security.web.servletapi.SecurityContextHolderAwareRequestFilter@5ccb85d6, org.springframework.security.web.authentication.AnonymousAuthenticationFilter@131a7516, org.springframework.security.web.access.ExceptionTranslationFilter@43ac0a68, org.springframework.security.web.access.intercept.AuthorizationFilter@64b0d1fa]
2024-04-17 09:01:47 [main] INFO  o.s.l.c.s.AbstractContextSource - Property 'userDn' not set - anonymous context will be used for read-only operations
2024-04-17 09:01:47 [main] WARN  o.s.b.a.s.s.UserDetailsServiceAutoConfiguration - 

Using generated security password: ea90629c-043a-44ad-b20a-11882f59c6b0

This generated password is for development use only. Your security configuration must be updated before running your application in production.

2024-04-17 09:01:47 [main] INFO  o.a.coyote.http11.Http11NioProtocol - Starting ProtocolHandler ["http-nio-8080"]
2024-04-17 09:01:47 [main] INFO  o.s.b.w.e.tomcat.TomcatWebServer - Tomcat started on port 8080 (http) with context path ''
2024-04-17 09:01:47 [main] INFO  com.example.demo.DemoApplication - Started DemoApplication in 3.134 seconds (process running for 3.474)
2024-04-17 09:02:52 [main] INFO  com.example.demo.DemoApplication - Starting DemoApplication using Java 17.0.10 with PID 15956 (P:\projecte\auth\demo\target\classes started by Gregori in P:\projecte\auth\demo)
2024-04-17 09:02:52 [main] INFO  com.example.demo.DemoApplication - No active profile set, falling back to 1 default profile: "default"
2024-04-17 09:02:54 [main] INFO  o.s.b.w.e.tomcat.TomcatWebServer - Tomcat initialized with port 8080 (http)
2024-04-17 09:02:54 [main] INFO  o.a.coyote.http11.Http11NioProtocol - Initializing ProtocolHandler ["http-nio-8080"]
2024-04-17 09:02:54 [main] INFO  o.a.catalina.core.StandardService - Starting service [Tomcat]
2024-04-17 09:02:54 [main] INFO  o.a.catalina.core.StandardEngine - Starting Servlet engine: [Apache Tomcat/10.1.19]
2024-04-17 09:02:54 [main] INFO  o.a.c.c.C.[Tomcat].[localhost].[/] - Initializing Spring embedded WebApplicationContext
2024-04-17 09:02:54 [main] INFO  o.s.b.w.s.c.ServletWebServerApplicationContext - Root WebApplicationContext: initialization completed in 1527 ms
2024-04-17 09:02:54 [main] INFO  o.s.b.a.w.s.WelcomePageHandlerMapping - Adding welcome page template: index
2024-04-17 09:02:54 [main] INFO  o.s.s.web.DefaultSecurityFilterChain - Will secure any request with [org.springframework.security.web.session.DisableEncodeUrlFilter@1859ffda, org.springframework.security.web.context.request.async.WebAsyncManagerIntegrationFilter@59838256, org.springframework.security.web.context.SecurityContextHolderFilter@4215e133, org.springframework.security.web.header.HeaderWriterFilter@1de0641b, org.springframework.web.filter.CorsFilter@131a7516, org.springframework.security.web.csrf.CsrfFilter@5438c17a, org.springframework.security.web.authentication.logout.LogoutFilter@7a8341c1, org.springframework.security.web.authentication.UsernamePasswordAuthenticationFilter@62b475e2, org.springframework.security.web.authentication.ui.DefaultLoginPageGeneratingFilter@6411504a, org.springframework.security.web.authentication.ui.DefaultLogoutPageGeneratingFilter@5ae15, org.springframework.security.web.savedrequest.RequestCacheAwareFilter@d88f893, org.springframework.security.web.servletapi.SecurityContextHolderAwareRequestFilter@259b85d6, org.springframework.security.web.authentication.AnonymousAuthenticationFilter@577536e0, org.springframework.security.web.access.ExceptionTranslationFilter@3728a578, org.springframework.security.web.access.intercept.AuthorizationFilter@12d2ddde]
2024-04-17 09:02:55 [main] INFO  o.s.l.c.s.AbstractContextSource - Property 'userDn' not set - anonymous context will be used for read-only operations
2024-04-17 09:02:55 [main] WARN  o.s.b.a.s.s.UserDetailsServiceAutoConfiguration - 

Using generated security password: 3f750d76-c7fe-427c-a39a-9c293c752583

This generated password is for development use only. Your security configuration must be updated before running your application in production.

2024-04-17 09:02:55 [main] INFO  o.a.coyote.http11.Http11NioProtocol - Starting ProtocolHandler ["http-nio-8080"]
2024-04-17 09:02:55 [main] INFO  o.s.b.w.e.tomcat.TomcatWebServer - Tomcat started on port 8080 (http) with context path ''
2024-04-17 09:02:55 [main] INFO  com.example.demo.DemoApplication - Started DemoApplication in 3.32 seconds (process running for 3.662)
2024-04-17 09:04:21 [main] INFO  com.example.demo.DemoApplication - Starting DemoApplication using Java 17.0.10 with PID 14720 (P:\projecte\auth\demo\target\classes started by Gregori in P:\projecte\auth\demo)
2024-04-17 09:04:21 [main] INFO  com.example.demo.DemoApplication - No active profile set, falling back to 1 default profile: "default"
2024-04-17 09:04:22 [main] INFO  o.s.b.w.e.tomcat.TomcatWebServer - Tomcat initialized with port 8080 (http)
2024-04-17 09:04:22 [main] INFO  o.a.coyote.http11.Http11NioProtocol - Initializing ProtocolHandler ["http-nio-8080"]
2024-04-17 09:04:22 [main] INFO  o.a.catalina.core.StandardService - Starting service [Tomcat]
2024-04-17 09:04:22 [main] INFO  o.a.catalina.core.StandardEngine - Starting Servlet engine: [Apache Tomcat/10.1.19]
2024-04-17 09:04:22 [main] INFO  o.a.c.c.C.[Tomcat].[localhost].[/] - Initializing Spring embedded WebApplicationContext
2024-04-17 09:04:22 [main] INFO  o.s.b.w.s.c.ServletWebServerApplicationContext - Root WebApplicationContext: initialization completed in 1371 ms
2024-04-17 09:04:23 [main] INFO  o.s.b.a.w.s.WelcomePageHandlerMapping - Adding welcome page template: index
2024-04-17 09:04:23 [main] INFO  o.s.s.web.DefaultSecurityFilterChain - Will secure any request with [org.springframework.security.web.session.DisableEncodeUrlFilter@62b475e2, org.springframework.security.web.context.request.async.WebAsyncManagerIntegrationFilter@e9474f, org.springframework.security.web.context.SecurityContextHolderFilter@1de0641b, org.springframework.security.web.header.HeaderWriterFilter@1dad01fe, org.springframework.web.filter.CorsFilter@1c61eda5, org.springframework.security.web.csrf.CsrfFilter@3b7c80c6, org.springframework.security.web.authentication.logout.LogoutFilter@c7f4457, org.springframework.security.web.authentication.UsernamePasswordAuthenticationFilter@64b0d1fa, org.springframework.security.web.authentication.ui.DefaultLoginPageGeneratingFilter@488f3dd1, org.springframework.security.web.authentication.ui.DefaultLogoutPageGeneratingFilter@1859ffda, org.springframework.security.web.savedrequest.RequestCacheAwareFilter@1a464fa3, org.springframework.security.web.servletapi.SecurityContextHolderAwareRequestFilter@4215e133, org.springframework.security.web.authentication.AnonymousAuthenticationFilter@59838256, org.springframework.security.web.access.ExceptionTranslationFilter@4099209b, org.springframework.security.web.access.intercept.AuthorizationFilter@53747c4a]
2024-04-17 09:04:23 [main] INFO  o.s.l.c.s.AbstractContextSource - Property 'userDn' not set - anonymous context will be used for read-only operations
2024-04-17 09:04:23 [main] WARN  o.s.b.a.s.s.UserDetailsServiceAutoConfiguration - 

Using generated security password: ae761969-f4e6-49a9-8890-d285e0300a41

This generated password is for development use only. Your security configuration must be updated before running your application in production.

2024-04-17 09:04:23 [main] INFO  o.a.coyote.http11.Http11NioProtocol - Starting ProtocolHandler ["http-nio-8080"]
2024-04-17 09:04:23 [main] INFO  o.s.b.w.e.tomcat.TomcatWebServer - Tomcat started on port 8080 (http) with context path ''
2024-04-17 09:04:23 [main] INFO  com.example.demo.DemoApplication - Started DemoApplication in 3.153 seconds (process running for 3.538)
